<?xml version="1.0" encoding="UTF-8"?>
<testsuite name="UserProfile 도메인 테스트" tests="14" skipped="0" failures="0" errors="0" timestamp="2025-12-23T07:13:35.989Z" hostname="웅딴쓰" time="0.086">
  <properties/>
  <testcase name="닉네임이 50자를 초과하면 예외가 발생한다" classname="com.healthy_plate.user.domain.UserProfileTest" time="0.043"/>
  <testcase name="닉네임의 공백은 제거된다" classname="com.healthy_plate.user.domain.UserProfileTest" time="0.002"/>
  <testcase name="[1] invalidNickname=null" classname="com.healthy_plate.user.domain.UserProfileTest" time="0.006"/>
  <testcase name="[2] invalidNickname=" classname="com.healthy_plate.user.domain.UserProfileTest" time="0.001"/>
  <testcase name="[3] invalidNickname=  " classname="com.healthy_plate.user.domain.UserProfileTest" time="0.0"/>
  <testcase name="[4] invalidNickname=&#9;" classname="com.healthy_plate.user.domain.UserProfileTest" time="0.001"/>
  <testcase name="[5] invalidNickname=&#10;" classname="com.healthy_plate.user.domain.UserProfileTest" time="0.001"/>
  <testcase name="자기소개가 500자가 넘을 시 예외가 발생한다." classname="com.healthy_plate.user.domain.UserProfileTest" time="0.001"/>
  <testcase name="닉네임이 2자 미만이면 예외가 발생한다" classname="com.healthy_plate.user.domain.UserProfileTest" time="0.001"/>
  <testcase name="유효한 닉네임과 프로필 이미지 URL, 자기소개로 UserProfile 객체를 생성한다" classname="com.healthy_plate.user.domain.UserProfileTest" time="0.001"/>
  <testcase name="닉네임이 정확히 2자일 때 UserProfile 객체를 생성한다" classname="com.healthy_plate.user.domain.UserProfileTest" time="0.0"/>
  <testcase name="프로필 이미지 URL 없이 UserProfile 객체를 생성한다" classname="com.healthy_plate.user.domain.UserProfileTest" time="0.0"/>
  <testcase name="자기소개 없이 UserProfile 객체를 생성한다" classname="com.healthy_plate.user.domain.UserProfileTest" time="0.001"/>
  <testcase name="닉네임이 정확히 50자일 때 UserProfile 객체를 생성한다" classname="com.healthy_plate.user.domain.UserProfileTest" time="0.0"/>
  <system-out><![CDATA[]]></system-out>
  <system-err><![CDATA[]]></system-err>
</testsuite>
